<?xml version="1.0" encoding="UTF-8"?>
<testng-results ignored="0" total="2" passed="2" failed="0" skipped="0">
  <reporter-output>
  </reporter-output>
  <suite started-at="2023-08-31T16:45:46 IST" name="Suite" finished-at="2023-08-31T16:45:54 IST" duration-ms="7717">
    <groups>
    </groups>
    <test started-at="2023-08-31T16:45:46 IST" name="test-chrome" finished-at="2023-08-31T16:45:54 IST" duration-ms="7588">
      <class name="parallelNG.ParallelExecution">
        <test-method signature="test1(java.lang.String)[pri:0, instance:parallelNG.ParallelExecution@64a8c844]" started-at="2023-08-31T16:45:46 IST" name="test1" finished-at="2023-08-31T16:45:54 IST" duration-ms="7539" status="PASS">
          <params>
            <param index="0">
              <value>
                <![CDATA[chrome]]>
              </value>
            </param>
          </params>
          <reporter-output>
          </reporter-output>
        </test-method> <!-- test1 -->
      </class> <!-- parallelNG.ParallelExecution -->
    </test> <!-- test-chrome -->
    <test started-at="2023-08-31T16:45:46 IST" name="test-edge" finished-at="2023-08-31T16:45:54 IST" duration-ms="7717">
      <class name="parallelNG.ParallelExecution">
        <test-method signature="test1(java.lang.String)[pri:0, instance:parallelNG.ParallelExecution@246f8b8b]" started-at="2023-08-31T16:45:46 IST" name="test1" finished-at="2023-08-31T16:45:54 IST" duration-ms="7674" status="PASS">
          <params>
            <param index="0">
              <value>
                <![CDATA[edge]]>
              </value>
            </param>
          </params>
          <reporter-output>
          </reporter-output>
        </test-method> <!-- test1 -->
      </class> <!-- parallelNG.ParallelExecution -->
    </test> <!-- test-edge -->
  </suite> <!-- Suite -->
</testng-results>
